  [1m[35m (530.2ms)[0m  [1m[35mCREATE DATABASE "cats99_development" ENCODING = 'unicode'[0m
  ↳ bin/rails:9
  [1m[35m (284.6ms)[0m  [1m[35mCREATE DATABASE "cats99_test" ENCODING = 'unicode'[0m
  ↳ bin/rails:9
  [1m[35m (84.8ms)[0m  [1m[35mCREATE TABLE "schema_migrations" ("version" character varying NOT NULL PRIMARY KEY)[0m
  ↳ bin/rails:9
  [1m[35m (5.6ms)[0m  [1m[35mCREATE TABLE "ar_internal_metadata" ("key" character varying NOT NULL PRIMARY KEY, "value" character varying, "created_at" timestamp NOT NULL, "updated_at" timestamp NOT NULL)[0m
  ↳ bin/rails:9
  [1m[35m (1.3ms)[0m  [1m[34mSELECT pg_try_advisory_lock(7809834472913233005)[0m
  ↳ bin/rails:9
  [1m[35m (1.4ms)[0m  [1m[34mSELECT "schema_migrations"."version" FROM "schema_migrations" ORDER BY "schema_migrations"."version" ASC[0m
  ↳ bin/rails:9
Migrating to CreateCats (20190507175715)
  [1m[35m (0.6ms)[0m  [1m[35mBEGIN[0m
  ↳ bin/rails:9
  [1m[35m (12.7ms)[0m  [1m[35mCREATE TABLE "cats" ("id" bigserial primary key, "birth_date" date NOT NULL, "color" character varying NOT NULL, "name" character varying NOT NULL, "sex" character varying NOT NULL, "description" text NOT NULL, "created_at" timestamp NOT NULL, "updated_at" timestamp NOT NULL)[0m
  ↳ db/migrate/20190507175715_create_cats.rb:3
  [1m[35m (2.4ms)[0m  [1m[35mCREATE  INDEX  "index_cats_on_name" ON "cats"  ("name")[0m
  ↳ db/migrate/20190507175715_create_cats.rb:13
  [1m[36mActiveRecord::SchemaMigration Create (5.4ms)[0m  [1m[32mINSERT INTO "schema_migrations" ("version") VALUES ($1) RETURNING "version"[0m  [["version", "20190507175715"]]
  ↳ bin/rails:9
  [1m[35m (1.0ms)[0m  [1m[35mCOMMIT[0m
  ↳ bin/rails:9
  [1m[36mActiveRecord::InternalMetadata Load (1.0ms)[0m  [1m[34mSELECT  "ar_internal_metadata".* FROM "ar_internal_metadata" WHERE "ar_internal_metadata"."key" = $1 LIMIT $2[0m  [["key", "environment"], ["LIMIT", 1]]
  ↳ bin/rails:9
  [1m[35m (0.2ms)[0m  [1m[35mBEGIN[0m
  ↳ bin/rails:9
  [1m[36mActiveRecord::InternalMetadata Create (1.5ms)[0m  [1m[32mINSERT INTO "ar_internal_metadata" ("key", "value", "created_at", "updated_at") VALUES ($1, $2, $3, $4) RETURNING "key"[0m  [["key", "environment"], ["value", "development"], ["created_at", "2019-05-07 18:04:39.553370"], ["updated_at", "2019-05-07 18:04:39.553370"]]
  ↳ bin/rails:9
  [1m[35m (2.6ms)[0m  [1m[35mCOMMIT[0m
  ↳ bin/rails:9
  [1m[35m (0.6ms)[0m  [1m[34mSELECT pg_advisory_unlock(7809834472913233005)[0m
  ↳ bin/rails:9
  [1m[35m (0.4ms)[0m  [1m[34mSELECT "schema_migrations"."version" FROM "schema_migrations" ORDER BY "schema_migrations"."version" ASC[0m
  ↳ bin/rails:9
Started GET "/" for ::1 at 2019-05-07 11:06:49 -0700
  [1m[35m (1.2ms)[0m  [1m[34mSELECT "schema_migrations"."version" FROM "schema_migrations" ORDER BY "schema_migrations"."version" ASC[0m
  ↳ /Users/kat/.rbenv/versions/2.5.1/lib/ruby/gems/2.5.0/gems/activerecord-5.2.3/lib/active_record/log_subscriber.rb:98
Processing by Rails::WelcomeController#index as HTML
  Rendering /Users/kat/.rbenv/versions/2.5.1/lib/ruby/gems/2.5.0/gems/railties-5.2.3/lib/rails/templates/rails/welcome/index.html.erb
  Rendered /Users/kat/.rbenv/versions/2.5.1/lib/ruby/gems/2.5.0/gems/railties-5.2.3/lib/rails/templates/rails/welcome/index.html.erb (4.0ms)
Completed 200 OK in 32ms (Views: 10.2ms | ActiveRecord: 0.0ms)


Started GET "/cable" for ::1 at 2019-05-07 11:06:54 -0700
Started GET "/cable/" [WebSocket] for ::1 at 2019-05-07 11:06:54 -0700
Successfully upgraded to WebSocket (REQUEST_METHOD: GET, HTTP_CONNECTION: Upgrade, HTTP_UPGRADE: websocket)
Subscription class not found: "ChatChannel"
Started GET "/cats" for ::1 at 2019-05-07 11:22:19 -0700
Processing by CatsController#index as HTML
  Rendering cats/index.html.erb within layouts/application
  Rendered cats/index.html.erb within layouts/application (0.3ms)
Completed 200 OK in 880ms (Views: 876.4ms | ActiveRecord: 0.0ms)


Started GET "/cable" for ::1 at 2019-05-07 11:22:26 -0700
Started GET "/cable/" [WebSocket] for ::1 at 2019-05-07 11:22:26 -0700
Successfully upgraded to WebSocket (REQUEST_METHOD: GET, HTTP_CONNECTION: Upgrade, HTTP_UPGRADE: websocket)
Subscription class not found: "ChatChannel"
Started GET "/cats" for ::1 at 2019-05-07 11:24:10 -0700
  
ActionController::RoutingError (No route matches [GET] "/cats"):
  
actionpack (5.2.3) lib/action_dispatch/middleware/debug_exceptions.rb:65:in `call'
web-console (3.7.0) lib/web_console/middleware.rb:135:in `call_app'
web-console (3.7.0) lib/web_console/middleware.rb:30:in `block in call'
web-console (3.7.0) lib/web_console/middleware.rb:20:in `catch'
web-console (3.7.0) lib/web_console/middleware.rb:20:in `call'
actionpack (5.2.3) lib/action_dispatch/middleware/show_exceptions.rb:33:in `call'
railties (5.2.3) lib/rails/rack/logger.rb:38:in `call_app'
railties (5.2.3) lib/rails/rack/logger.rb:26:in `block in call'
activesupport (5.2.3) lib/active_support/tagged_logging.rb:71:in `block in tagged'
activesupport (5.2.3) lib/active_support/tagged_logging.rb:28:in `tagged'
activesupport (5.2.3) lib/active_support/tagged_logging.rb:71:in `tagged'
railties (5.2.3) lib/rails/rack/logger.rb:26:in `call'
sprockets-rails (3.2.1) lib/sprockets/rails/quiet_assets.rb:13:in `call'
actionpack (5.2.3) lib/action_dispatch/middleware/remote_ip.rb:81:in `call'
actionpack (5.2.3) lib/action_dispatch/middleware/request_id.rb:27:in `call'
rack (2.0.7) lib/rack/method_override.rb:22:in `call'
rack (2.0.7) lib/rack/runtime.rb:22:in `call'
activesupport (5.2.3) lib/active_support/cache/strategy/local_cache_middleware.rb:29:in `call'
actionpack (5.2.3) lib/action_dispatch/middleware/executor.rb:14:in `call'
actionpack (5.2.3) lib/action_dispatch/middleware/static.rb:127:in `call'
rack (2.0.7) lib/rack/sendfile.rb:111:in `call'
railties (5.2.3) lib/rails/engine.rb:524:in `call'
puma (3.12.1) lib/puma/configuration.rb:227:in `call'
puma (3.12.1) lib/puma/server.rb:660:in `handle_request'
puma (3.12.1) lib/puma/server.rb:474:in `process_client'
puma (3.12.1) lib/puma/server.rb:334:in `block in run'
puma (3.12.1) lib/puma/thread_pool.rb:135:in `block in spawn_thread'
Started GET "/cats" for ::1 at 2019-05-07 11:24:16 -0700
  
ActionController::RoutingError (No route matches [GET] "/cats"):
  
actionpack (5.2.3) lib/action_dispatch/middleware/debug_exceptions.rb:65:in `call'
web-console (3.7.0) lib/web_console/middleware.rb:135:in `call_app'
web-console (3.7.0) lib/web_console/middleware.rb:30:in `block in call'
web-console (3.7.0) lib/web_console/middleware.rb:20:in `catch'
web-console (3.7.0) lib/web_console/middleware.rb:20:in `call'
actionpack (5.2.3) lib/action_dispatch/middleware/show_exceptions.rb:33:in `call'
railties (5.2.3) lib/rails/rack/logger.rb:38:in `call_app'
railties (5.2.3) lib/rails/rack/logger.rb:26:in `block in call'
activesupport (5.2.3) lib/active_support/tagged_logging.rb:71:in `block in tagged'
activesupport (5.2.3) lib/active_support/tagged_logging.rb:28:in `tagged'
activesupport (5.2.3) lib/active_support/tagged_logging.rb:71:in `tagged'
railties (5.2.3) lib/rails/rack/logger.rb:26:in `call'
sprockets-rails (3.2.1) lib/sprockets/rails/quiet_assets.rb:13:in `call'
actionpack (5.2.3) lib/action_dispatch/middleware/remote_ip.rb:81:in `call'
actionpack (5.2.3) lib/action_dispatch/middleware/request_id.rb:27:in `call'
rack (2.0.7) lib/rack/method_override.rb:22:in `call'
rack (2.0.7) lib/rack/runtime.rb:22:in `call'
activesupport (5.2.3) lib/active_support/cache/strategy/local_cache_middleware.rb:29:in `call'
actionpack (5.2.3) lib/action_dispatch/middleware/executor.rb:14:in `call'
actionpack (5.2.3) lib/action_dispatch/middleware/static.rb:127:in `call'
rack (2.0.7) lib/rack/sendfile.rb:111:in `call'
railties (5.2.3) lib/rails/engine.rb:524:in `call'
puma (3.12.1) lib/puma/configuration.rb:227:in `call'
puma (3.12.1) lib/puma/server.rb:660:in `handle_request'
puma (3.12.1) lib/puma/server.rb:474:in `process_client'
puma (3.12.1) lib/puma/server.rb:334:in `block in run'
puma (3.12.1) lib/puma/thread_pool.rb:135:in `block in spawn_thread'
Started GET "/cable" for ::1 at 2019-05-07 11:24:17 -0700
Started GET "/cable/" [WebSocket] for ::1 at 2019-05-07 11:24:17 -0700
Successfully upgraded to WebSocket (REQUEST_METHOD: GET, HTTP_CONNECTION: Upgrade, HTTP_UPGRADE: websocket)
Subscription class not found: "ChatChannel"
Started GET "/cats" for ::1 at 2019-05-07 11:24:33 -0700
  
SyntaxError (/Users/kat/Desktop/cats99/config/routes.rb:2: syntax error, unexpected tIDENTIFIER, expecting keyword_end
  get 'cats/index' to: 'cats#index'
                   ^~):
  
config/routes.rb:2: syntax error, unexpected tIDENTIFIER, expecting keyword_end
Started GET "/cable" for ::1 at 2019-05-07 11:24:41 -0700
Started GET "/cable/" [WebSocket] for ::1 at 2019-05-07 11:24:41 -0700
Successfully upgraded to WebSocket (REQUEST_METHOD: GET, HTTP_CONNECTION: Upgrade, HTTP_UPGRADE: websocket)
Subscription class not found: "ChatChannel"
Started GET "/cats" for ::1 at 2019-05-07 11:25:12 -0700
  
SyntaxError (/Users/kat/Desktop/cats99/config/routes.rb:2: syntax error, unexpected tIDENTIFIER, expecting keyword_end
  get '/cats' to: 'cats#index'
              ^~):
  
config/routes.rb:2: syntax error, unexpected tIDENTIFIER, expecting keyword_end
Started GET "/cable" for ::1 at 2019-05-07 11:25:21 -0700
Started GET "/cable/" [WebSocket] for ::1 at 2019-05-07 11:25:21 -0700
Successfully upgraded to WebSocket (REQUEST_METHOD: GET, HTTP_CONNECTION: Upgrade, HTTP_UPGRADE: websocket)
Subscription class not found: "ChatChannel"
Started GET "/cats" for ::1 at 2019-05-07 11:26:07 -0700
  
SyntaxError (/Users/kat/Desktop/cats99/config/routes.rb:2: syntax error, unexpected tIDENTIFIER, expecting keyword_end
  get '/cats/' to: 'cats#index'
               ^~):
  
config/routes.rb:2: syntax error, unexpected tIDENTIFIER, expecting keyword_end
Started GET "/cable" for ::1 at 2019-05-07 11:26:14 -0700
Started GET "/cable/" [WebSocket] for ::1 at 2019-05-07 11:26:14 -0700
Successfully upgraded to WebSocket (REQUEST_METHOD: GET, HTTP_CONNECTION: Upgrade, HTTP_UPGRADE: websocket)
Subscription class not found: "ChatChannel"
Started GET "/cats/index" for ::1 at 2019-05-07 11:26:33 -0700
  
SyntaxError (/Users/kat/Desktop/cats99/config/routes.rb:2: syntax error, unexpected tIDENTIFIER, expecting keyword_end
  get '/cats/index' to: 'cats#index'
                    ^~):
  
config/routes.rb:2: syntax error, unexpected tIDENTIFIER, expecting keyword_end
Started GET "/cable" for ::1 at 2019-05-07 11:26:39 -0700
Started GET "/cable/" [WebSocket] for ::1 at 2019-05-07 11:26:39 -0700
Successfully upgraded to WebSocket (REQUEST_METHOD: GET, HTTP_CONNECTION: Upgrade, HTTP_UPGRADE: websocket)
Subscription class not found: "ChatChannel"
Started GET "/cats/index" for ::1 at 2019-05-07 11:26:44 -0700
  
SyntaxError (/Users/kat/Desktop/cats99/config/routes.rb:2: syntax error, unexpected tIDENTIFIER, expecting keyword_end
  get '/cats/index' to: 'cat#index'
                    ^~):
  
config/routes.rb:2: syntax error, unexpected tIDENTIFIER, expecting keyword_end
Started GET "/cable" for ::1 at 2019-05-07 11:26:52 -0700
Started GET "/cable/" [WebSocket] for ::1 at 2019-05-07 11:26:52 -0700
Successfully upgraded to WebSocket (REQUEST_METHOD: GET, HTTP_CONNECTION: Upgrade, HTTP_UPGRADE: websocket)
Subscription class not found: "ChatChannel"
Started GET "/cats/" for ::1 at 2019-05-07 11:28:04 -0700
  
SyntaxError (/Users/kat/Desktop/cats99/config/routes.rb:2: syntax error, unexpected ':', expecting keyword_end
  get '/cats/index' :to => 'cats#index'
                    ^):
  
config/routes.rb:2: syntax error, unexpected ':', expecting keyword_end
Started GET "/cable" for ::1 at 2019-05-07 11:28:13 -0700
Started GET "/cable/" [WebSocket] for ::1 at 2019-05-07 11:28:13 -0700
Successfully upgraded to WebSocket (REQUEST_METHOD: GET, HTTP_CONNECTION: Upgrade, HTTP_UPGRADE: websocket)
Subscription class not found: "ChatChannel"
Started GET "/cats/" for ::1 at 2019-05-07 11:28:19 -0700
  
SyntaxError (/Users/kat/Desktop/cats99/config/routes.rb:2: syntax error, unexpected ':', expecting keyword_end
  get '/cats' :to => 'cats#index'
              ^):
  
config/routes.rb:2: syntax error, unexpected ':', expecting keyword_end
Started GET "/cable" for ::1 at 2019-05-07 11:28:29 -0700
Started GET "/cable/" [WebSocket] for ::1 at 2019-05-07 11:28:29 -0700
Successfully upgraded to WebSocket (REQUEST_METHOD: GET, HTTP_CONNECTION: Upgrade, HTTP_UPGRADE: websocket)
Subscription class not found: "ChatChannel"
Started GET "/cats/" for ::1 at 2019-05-07 11:28:32 -0700
  
SyntaxError (/Users/kat/Desktop/cats99/config/routes.rb:2: syntax error, unexpected tIDENTIFIER, expecting keyword_end
  get '/cats' to: 'cats#index'
              ^~):
  
config/routes.rb:2: syntax error, unexpected tIDENTIFIER, expecting keyword_end
Started GET "/cable" for ::1 at 2019-05-07 11:28:41 -0700
Started GET "/cable/" [WebSocket] for ::1 at 2019-05-07 11:28:41 -0700
Successfully upgraded to WebSocket (REQUEST_METHOD: GET, HTTP_CONNECTION: Upgrade, HTTP_UPGRADE: websocket)
Subscription class not found: "ChatChannel"
Started GET "/cats/" for ::1 at 2019-05-07 11:28:42 -0700
  
SyntaxError (/Users/kat/Desktop/cats99/config/routes.rb:2: syntax error, unexpected tIDENTIFIER, expecting keyword_end
  get'/cats' to: 'cats#index'
             ^~):
  
config/routes.rb:2: syntax error, unexpected tIDENTIFIER, expecting keyword_end
Started GET "/cable" for ::1 at 2019-05-07 11:28:49 -0700
  
SyntaxError (/Users/kat/Desktop/cats99/config/routes.rb:2: syntax error, unexpected tIDENTIFIER, expecting keyword_end
  get '/cats' to: 'cats#index'
              ^~):
  
config/routes.rb:2: syntax error, unexpected tIDENTIFIER, expecting keyword_end
Started GET "/cable" for ::1 at 2019-05-07 11:28:53 -0700
Started GET "/cable/" [WebSocket] for ::1 at 2019-05-07 11:28:53 -0700
Successfully upgraded to WebSocket (REQUEST_METHOD: GET, HTTP_CONNECTION: Upgrade, HTTP_UPGRADE: websocket)
Subscription class not found: "ChatChannel"
Started GET "/cats/" for ::1 at 2019-05-07 11:29:48 -0700
  
ActionController::RoutingError (No route matches [GET] "/cats"):
  
actionpack (5.2.3) lib/action_dispatch/middleware/debug_exceptions.rb:65:in `call'
web-console (3.7.0) lib/web_console/middleware.rb:135:in `call_app'
web-console (3.7.0) lib/web_console/middleware.rb:30:in `block in call'
web-console (3.7.0) lib/web_console/middleware.rb:20:in `catch'
web-console (3.7.0) lib/web_console/middleware.rb:20:in `call'
actionpack (5.2.3) lib/action_dispatch/middleware/show_exceptions.rb:33:in `call'
railties (5.2.3) lib/rails/rack/logger.rb:38:in `call_app'
railties (5.2.3) lib/rails/rack/logger.rb:26:in `block in call'
activesupport (5.2.3) lib/active_support/tagged_logging.rb:71:in `block in tagged'
activesupport (5.2.3) lib/active_support/tagged_logging.rb:28:in `tagged'
activesupport (5.2.3) lib/active_support/tagged_logging.rb:71:in `tagged'
railties (5.2.3) lib/rails/rack/logger.rb:26:in `call'
sprockets-rails (3.2.1) lib/sprockets/rails/quiet_assets.rb:13:in `call'
actionpack (5.2.3) lib/action_dispatch/middleware/remote_ip.rb:81:in `call'
actionpack (5.2.3) lib/action_dispatch/middleware/request_id.rb:27:in `call'
rack (2.0.7) lib/rack/method_override.rb:22:in `call'
rack (2.0.7) lib/rack/runtime.rb:22:in `call'
activesupport (5.2.3) lib/active_support/cache/strategy/local_cache_middleware.rb:29:in `call'
actionpack (5.2.3) lib/action_dispatch/middleware/executor.rb:14:in `call'
actionpack (5.2.3) lib/action_dispatch/middleware/static.rb:127:in `call'
rack (2.0.7) lib/rack/sendfile.rb:111:in `call'
railties (5.2.3) lib/rails/engine.rb:524:in `call'
puma (3.12.1) lib/puma/configuration.rb:227:in `call'
puma (3.12.1) lib/puma/server.rb:660:in `handle_request'
puma (3.12.1) lib/puma/server.rb:474:in `process_client'
puma (3.12.1) lib/puma/server.rb:334:in `block in run'
puma (3.12.1) lib/puma/thread_pool.rb:135:in `block in spawn_thread'
Started GET "/cable" for ::1 at 2019-05-07 11:29:58 -0700
Started GET "/cable/" [WebSocket] for ::1 at 2019-05-07 11:29:58 -0700
Successfully upgraded to WebSocket (REQUEST_METHOD: GET, HTTP_CONNECTION: Upgrade, HTTP_UPGRADE: websocket)
Subscription class not found: "ChatChannel"
Started GET "/" for ::1 at 2019-05-07 11:30:04 -0700
Processing by CatsController#index as HTML
  Rendering cats/index.html.erb within layouts/application
  Rendered cats/index.html.erb within layouts/application (0.4ms)
Completed 200 OK in 39ms (Views: 35.8ms | ActiveRecord: 0.0ms)


Started GET "/cats" for ::1 at 2019-05-07 11:31:51 -0700
Processing by CatsController#index as HTML
  Rendering cats/index.html.erb within layouts/application
  Rendered cats/index.html.erb within layouts/application (0.4ms)
Completed 200 OK in 22ms (Views: 19.7ms | ActiveRecord: 0.0ms)


Started GET "/cable" for ::1 at 2019-05-07 11:32:00 -0700
Started GET "/cable/" [WebSocket] for ::1 at 2019-05-07 11:32:00 -0700
Successfully upgraded to WebSocket (REQUEST_METHOD: GET, HTTP_CONNECTION: Upgrade, HTTP_UPGRADE: websocket)
Subscription class not found: "ChatChannel"
